# JRE version: OpenJDK Runtime Environment (8.0_242-b01) (build 1.8.0_242-release-1644-b01)
# Java VM: OpenJDK 64-Bit Server VM (25.242-b01 mixed mode windows-amd64 compressed oops)
Heap:
 PSYoungGen      total 57344K, used 39565K [0x00000000d5580000, 0x00000000dd580000, 0x0000000100000000)
  eden space 52736K, 75% used [0x00000000d5580000,0x00000000d7c23558,0x00000000d8900000)
  from space 4608K, 0% used [0x00000000d9200000,0x00000000d9200000,0x00000000d9680000)
  to   space 9216K, 0% used [0x00000000d8900000,0x00000000d8900000,0x00000000d9200000)
 ParOldGen       total 33792K, used 9738K [0x0000000080000000, 0x0000000082100000, 0x00000000d5580000)
  object space 33792K, 28% used [0x0000000080000000,0x0000000080982a08,0x0000000082100000)
 Metaspace       used 23069K, capacity 23696K, committed 23984K, reserved 1069056K
  class space    used 3280K, capacity 3480K, committed 3504K, reserved 1048576K
GC Heap History (10 events):
Event: 11.317 GC heap before
{Heap before GC invocations=5 (full 0):
 PSYoungGen      total 30720K, used 30704K [0x00000000d5580000, 0x00000000d7580000, 0x0000000100000000)
  eden space 28672K, 100% used [0x00000000d5580000,0x00000000d7180000,0x00000000d7180000)
  from space 2048K, 99% used [0x00000000d7380000,0x00000000d757c010,0x00000000d7580000)
  to   space 2048K, 0% used [0x00000000d7180000,0x00000000d7180000,0x00000000d7380000)
 ParOldGen       total 36864K, used 2581K [0x0000000080000000, 0x0000000082400000, 0x00000000d5580000)
  object space 36864K, 7% used [0x0000000080000000,0x00000000802856d0,0x0000000082400000)
 Metaspace       used 9574K, capacity 9808K, committed 10112K, reserved 1058816K
  class space    used 1261K, capacity 1376K, committed 1408K, reserved 1048576K
Event: 11.330 GC heap after
Heap after GC invocations=5 (full 0):
 PSYoungGen      total 30720K, used 2032K [0x00000000d5580000, 0x00000000d9680000, 0x0000000100000000)
  eden space 28672K, 0% used [0x00000000d5580000,0x00000000d5580000,0x00000000d7180000)
  from space 2048K, 99% used [0x00000000d7180000,0x00000000d737c010,0x00000000d7380000)
  to   space 4608K, 0% used [0x00000000d9200000,0x00000000d9200000,0x00000000d9680000)
 ParOldGen       total 36864K, used 4772K [0x0000000080000000, 0x0000000082400000, 0x00000000d5580000)
  object space 36864K, 12% used [0x0000000080000000,0x00000000804a93c8,0x0000000082400000)
 Metaspace       used 9574K, capacity 9808K, committed 10112K, reserved 1058816K
  class space    used 1261K, capacity 1376K, committed 1408K, reserved 1048576K
}
Event: 14.153 GC heap before
{Heap before GC invocations=6 (full 0):
 PSYoungGen      total 30720K, used 30704K [0x00000000d5580000, 0x00000000d9680000, 0x0000000100000000)
  eden space 28672K, 100% used [0x00000000d5580000,0x00000000d7180000,0x00000000d7180000)
  from space 2048K, 99% used [0x00000000d7180000,0x00000000d737c010,0x00000000d7380000)
  to   space 4608K, 0% used [0x00000000d9200000,0x00000000d9200000,0x00000000d9680000)
 ParOldGen       total 36864K, used 4772K [0x0000000080000000, 0x0000000082400000, 0x00000000d5580000)
  object space 36864K, 12% used [0x0000000080000000,0x00000000804a93c8,0x0000000082400000)
 Metaspace       used 13066K, capacity 13476K, committed 13824K, reserved 1060864K
  class space    used 1789K, capacity 1950K, committed 2048K, reserved 1048576K
Event: 14.174 GC heap after
Heap after GC invocations=6 (full 0):
 PSYoungGen      total 60928K, used 4580K [0x00000000d5580000, 0x00000000d9880000, 0x0000000100000000)
  eden space 56320K, 0% used [0x00000000d5580000,0x00000000d5580000,0x00000000d8c80000)
  from space 4608K, 99% used [0x00000000d9200000,0x00000000d9679310,0x00000000d9680000)
  to   space 5632K, 0% used [0x00000000d8c80000,0x00000000d8c80000,0x00000000d9200000)
 ParOldGen       total 36864K, used 5259K [0x0000000080000000, 0x0000000082400000, 0x00000000d5580000)
  object space 36864K, 14% used [0x0000000080000000,0x0000000080522f00,0x0000000082400000)
 Metaspace       used 13066K, capacity 13476K, committed 13824K, reserved 1060864K
  class space    used 1789K, capacity 1950K, committed 2048K, reserved 1048576K
}
Event: 17.847 GC heap before
{Heap before GC invocations=7 (full 0):
 PSYoungGen      total 60928K, used 60900K [0x00000000d5580000, 0x00000000d9880000, 0x0000000100000000)
  eden space 56320K, 100% used [0x00000000d5580000,0x00000000d8c80000,0x00000000d8c80000)
  from space 4608K, 99% used [0x00000000d9200000,0x00000000d9679310,0x00000000d9680000)
  to   space 5632K, 0% used [0x00000000d8c80000,0x00000000d8c80000,0x00000000d9200000)
 ParOldGen       total 36864K, used 5259K [0x0000000080000000, 0x0000000082400000, 0x00000000d5580000)
  object space 36864K, 14% used [0x0000000080000000,0x0000000080522f00,0x0000000082400000)
 Metaspace       used 18779K, capacity 19418K, committed 19712K, reserved 1067008K
  class space    used 2583K, capacity 2771K, committed 2816K, reserved 1048576K
Event: 17.898 GC heap after
Heap after GC invocations=7 (full 0):
 PSYoungGen      total 61952K, used 5619K [0x00000000d5580000, 0x00000000d9880000, 0x0000000100000000)
  eden space 56320K, 0% used [0x00000000d5580000,0x00000000d5580000,0x00000000d8c80000)
  from space 5632K, 99% used [0x00000000d8c80000,0x00000000d91fcc68,0x00000000d9200000)
  to   space 4608K, 0% used [0x00000000d9200000,0x00000000d9200000,0x00000000d9680000)
 ParOldGen       total 36864K, used 9061K [0x0000000080000000, 0x0000000082400000, 0x00000000d5580000)
  object space 36864K, 24% used [0x0000000080000000,0x00000000808d9718,0x0000000082400000)
 Metaspace       used 18779K, capacity 19418K, committed 19712K, reserved 1067008K
  class space    used 2583K, capacity 2771K, committed 2816K, reserved 1048576K
}
Event: 19.652 GC heap before
{Heap before GC invocations=8 (full 0):
 PSYoungGen      total 61952K, used 30706K [0x00000000d5580000, 0x00000000d9880000, 0x0000000100000000)
  eden space 56320K, 44% used [0x00000000d5580000,0x00000000d6dffe08,0x00000000d8c80000)
  from space 5632K, 99% used [0x00000000d8c80000,0x00000000d91fcc68,0x00000000d9200000)
  to   space 4608K, 0% used [0x00000000d9200000,0x00000000d9200000,0x00000000d9680000)
 ParOldGen       total 36864K, used 9061K [0x0000000080000000, 0x0000000082400000, 0x00000000d5580000)
  object space 36864K, 24% used [0x0000000080000000,0x00000000808d9718,0x0000000082400000)
 Metaspace       used 20597K, capacity 21228K, committed 21296K, reserved 1067008K
  class space    used 2877K, capacity 3084K, committed 3120K, reserved 1048576K
Event: 19.669 GC heap after
Heap after GC invocations=8 (full 0):
 PSYoungGen      total 57344K, used 4577K [0x00000000d5580000, 0x00000000dd580000, 0x0000000100000000)
  eden space 52736K, 0% used [0x00000000d5580000,0x00000000d5580000,0x00000000d8900000)
  from space 4608K, 99% used [0x00000000d9200000,0x00000000d9678498,0x00000000d9680000)
  to   space 9216K, 0% used [0x00000000d8900000,0x00000000d8900000,0x00000000d9200000)
 ParOldGen       total 36864K, used 10905K [0x0000000080000000, 0x0000000082400000, 0x00000000d5580000)
  object space 36864K, 29% used [0x0000000080000000,0x0000000080aa6438,0x0000000082400000)
 Metaspace       used 20597K, capacity 21228K, committed 21296K, reserved 1067008K
  class space    used 2877K, capacity 3084K, committed 3120K, reserved 1048576K
}
Event: 19.669 GC heap before
{Heap before GC invocations=9 (full 1):
 PSYoungGen      total 57344K, used 4577K [0x00000000d5580000, 0x00000000dd580000, 0x0000000100000000)
  eden space 52736K, 0% used [0x00000000d5580000,0x00000000d5580000,0x00000000d8900000)
  from space 4608K, 99% used [0x00000000d9200000,0x00000000d9678498,0x00000000d9680000)
  to   space 9216K, 0% used [0x00000000d8900000,0x00000000d8900000,0x00000000d9200000)
 ParOldGen       total 36864K, used 10905K [0x0000000080000000, 0x0000000082400000, 0x00000000d5580000)
  object space 36864K, 29% used [0x0000000080000000,0x0000000080aa6438,0x0000000082400000)
 Metaspace       used 20597K, capacity 21228K, committed 21296K, reserved 1067008K
  class space    used 2877K, capacity 3084K, committed 3120K, reserved 1048576K
Event: 19.816 GC heap after
Heap after GC invocations=9 (full 1):
 PSYoungGen      total 57344K, used 0K [0x00000000d5580000, 0x00000000dd580000, 0x0000000100000000)
  eden space 52736K, 0% used [0x00000000d5580000,0x00000000d5580000,0x00000000d8900000)
  from space 4608K, 0% used [0x00000000d9200000,0x00000000d9200000,0x00000000d9680000)
  to   space 9216K, 0% used [0x00000000d8900000,0x00000000d8900000,0x00000000d9200000)
 ParOldGen       total 33792K, used 9738K [0x0000000080000000, 0x0000000082100000, 0x00000000d5580000)
  object space 33792K, 28% used [0x0000000080000000,0x0000000080982a08,0x0000000082100000)
 Metaspace       used 20597K, capacity 21228K, committed 21296K, reserved 1067008K
  class space    used 2877K, capacity 3084K, committed 3120K, reserved 1048576K
}

