# JRE version: OpenJDK Runtime Environment (8.0_242-b01) (build 1.8.0_242-release-1644-b01)
# Java VM: OpenJDK 64-Bit Server VM (25.242-b01 mixed mode windows-amd64 compressed oops)
Heap:
 PSYoungGen      total 121344K, used 31184K [0x00000000d5580000, 0x00000000dd480000, 0x0000000100000000)
  eden space 112640K, 27% used [0x00000000d5580000,0x00000000d73f41d0,0x00000000dc380000)
  from space 8704K, 0% used [0x00000000dcc00000,0x00000000dcc00000,0x00000000dd480000)
  to   space 8704K, 0% used [0x00000000dc380000,0x00000000dc380000,0x00000000dcc00000)
 ParOldGen       total 54784K, used 16262K [0x0000000080000000, 0x0000000083580000, 0x00000000d5580000)
  object space 54784K, 29% used [0x0000000080000000,0x0000000080fe18f0,0x0000000083580000)
 Metaspace       used 35618K, capacity 36714K, committed 36904K, reserved 1081344K
  class space    used 4882K, capacity 5154K, committed 5168K, reserved 1048576K
GC Heap History (10 events):
Event: 12.888 GC heap before
{Heap before GC invocations=8 (full 0):
 PSYoungGen      total 61952K, used 30921K [0x00000000d5580000, 0x00000000dd480000, 0x0000000100000000)
  eden space 56320K, 44% used [0x00000000d5580000,0x00000000d6e34178,0x00000000d8c80000)
  from space 5632K, 99% used [0x00000000d8c80000,0x00000000d91fe658,0x00000000d9200000)
  to   space 8704K, 0% used [0x00000000dcc00000,0x00000000dcc00000,0x00000000dd480000)
 ParOldGen       total 36864K, used 8999K [0x0000000080000000, 0x0000000082400000, 0x00000000d5580000)
  object space 36864K, 24% used [0x0000000080000000,0x00000000808c9f90,0x0000000082400000)
 Metaspace       used 20598K, capacity 21224K, committed 21296K, reserved 1067008K
  class space    used 2876K, capacity 3084K, committed 3120K, reserved 1048576K
Event: 12.909 GC heap after
Heap after GC invocations=8 (full 0):
 PSYoungGen      total 121344K, used 6030K [0x00000000d5580000, 0x00000000dd480000, 0x0000000100000000)
  eden space 112640K, 0% used [0x00000000d5580000,0x00000000d5580000,0x00000000dc380000)
  from space 8704K, 69% used [0x00000000dcc00000,0x00000000dd1e3b88,0x00000000dd480000)
  to   space 8704K, 0% used [0x00000000dc380000,0x00000000dc380000,0x00000000dcc00000)
 ParOldGen       total 36864K, used 9551K [0x0000000080000000, 0x0000000082400000, 0x00000000d5580000)
  object space 36864K, 25% used [0x0000000080000000,0x0000000080953f90,0x0000000082400000)
 Metaspace       used 20598K, capacity 21224K, committed 21296K, reserved 1067008K
  class space    used 2876K, capacity 3084K, committed 3120K, reserved 1048576K
}
Event: 12.909 GC heap before
{Heap before GC invocations=9 (full 1):
 PSYoungGen      total 121344K, used 6030K [0x00000000d5580000, 0x00000000dd480000, 0x0000000100000000)
  eden space 112640K, 0% used [0x00000000d5580000,0x00000000d5580000,0x00000000dc380000)
  from space 8704K, 69% used [0x00000000dcc00000,0x00000000dd1e3b88,0x00000000dd480000)
  to   space 8704K, 0% used [0x00000000dc380000,0x00000000dc380000,0x00000000dcc00000)
 ParOldGen       total 36864K, used 9551K [0x0000000080000000, 0x0000000082400000, 0x00000000d5580000)
  object space 36864K, 25% used [0x0000000080000000,0x0000000080953f90,0x0000000082400000)
 Metaspace       used 20598K, capacity 21224K, committed 21296K, reserved 1067008K
  class space    used 2876K, capacity 3084K, committed 3120K, reserved 1048576K
Event: 13.043 GC heap after
Heap after GC invocations=9 (full 1):
 PSYoungGen      total 121344K, used 0K [0x00000000d5580000, 0x00000000dd480000, 0x0000000100000000)
  eden space 112640K, 0% used [0x00000000d5580000,0x00000000d5580000,0x00000000dc380000)
  from space 8704K, 0% used [0x00000000dcc00000,0x00000000dcc00000,0x00000000dd480000)
  to   space 8704K, 0% used [0x00000000dc380000,0x00000000dc380000,0x00000000dcc00000)
 ParOldGen       total 33792K, used 8577K [0x0000000080000000, 0x0000000082100000, 0x00000000d5580000)
  object space 33792K, 25% used [0x0000000080000000,0x0000000080860608,0x0000000082100000)
 Metaspace       used 20598K, capacity 21224K, committed 21296K, reserved 1067008K
  class space    used 2876K, capacity 3084K, committed 3120K, reserved 1048576K
}
Event: 19.118 GC heap before
{Heap before GC invocations=10 (full 1):
 PSYoungGen      total 121344K, used 112640K [0x00000000d5580000, 0x00000000dd480000, 0x0000000100000000)
  eden space 112640K, 100% used [0x00000000d5580000,0x00000000dc380000,0x00000000dc380000)
  from space 8704K, 0% used [0x00000000dcc00000,0x00000000dcc00000,0x00000000dd480000)
  to   space 8704K, 0% used [0x00000000dc380000,0x00000000dc380000,0x00000000dcc00000)
 ParOldGen       total 33792K, used 8577K [0x0000000080000000, 0x0000000082100000, 0x00000000d5580000)
  object space 33792K, 25% used [0x0000000080000000,0x0000000080860608,0x0000000082100000)
 Metaspace       used 31833K, capacity 32586K, committed 32816K, reserved 1077248K
  class space    used 4326K, capacity 4540K, committed 4656K, reserved 1048576K
Event: 19.169 GC heap after
Heap after GC invocations=10 (full 1):
 PSYoungGen      total 121344K, used 8678K [0x00000000d5580000, 0x00000000dd480000, 0x0000000100000000)
  eden space 112640K, 0% used [0x00000000d5580000,0x00000000d5580000,0x00000000dc380000)
  from space 8704K, 99% used [0x00000000dc380000,0x00000000dcbf9a18,0x00000000dcc00000)
  to   space 8704K, 0% used [0x00000000dcc00000,0x00000000dcc00000,0x00000000dd480000)
 ParOldGen       total 33792K, used 12099K [0x0000000080000000, 0x0000000082100000, 0x00000000d5580000)
  object space 33792K, 35% used [0x0000000080000000,0x0000000080bd0c40,0x0000000082100000)
 Metaspace       used 31833K, capacity 32586K, committed 32816K, reserved 1077248K
  class space    used 4326K, capacity 4540K, committed 4656K, reserved 1048576K
}
Event: 21.795 GC heap before
{Heap before GC invocations=11 (full 1):
 PSYoungGen      total 121344K, used 78437K [0x00000000d5580000, 0x00000000dd480000, 0x0000000100000000)
  eden space 112640K, 61% used [0x00000000d5580000,0x00000000d999fdb8,0x00000000dc380000)
  from space 8704K, 99% used [0x00000000dc380000,0x00000000dcbf9a18,0x00000000dcc00000)
  to   space 8704K, 0% used [0x00000000dcc00000,0x00000000dcc00000,0x00000000dd480000)
 ParOldGen       total 33792K, used 12099K [0x0000000080000000, 0x0000000082100000, 0x00000000d5580000)
  object space 33792K, 35% used [0x0000000080000000,0x0000000080bd0c40,0x0000000082100000)
 Metaspace       used 34539K, capacity 35406K, committed 35496K, reserved 1079296K
  class space    used 4734K, capacity 4998K, committed 5040K, reserved 1048576K
Event: 21.820 GC heap after
Heap after GC invocations=11 (full 1):
 PSYoungGen      total 121344K, used 8676K [0x00000000d5580000, 0x00000000dd480000, 0x0000000100000000)
  eden space 112640K, 0% used [0x00000000d5580000,0x00000000d5580000,0x00000000dc380000)
  from space 8704K, 99% used [0x00000000dcc00000,0x00000000dd4792e8,0x00000000dd480000)
  to   space 8704K, 0% used [0x00000000dc380000,0x00000000dc380000,0x00000000dcc00000)
 ParOldGen       total 33792K, used 13058K [0x0000000080000000, 0x0000000082100000, 0x00000000d5580000)
  object space 33792K, 38% used [0x0000000080000000,0x0000000080cc0bc8,0x0000000082100000)
 Metaspace       used 34539K, capacity 35406K, committed 35496K, reserved 1079296K
  class space    used 4734K, capacity 4998K, committed 5040K, reserved 1048576K
}
Event: 21.820 GC heap before
{Heap before GC invocations=12 (full 2):
 PSYoungGen      total 121344K, used 8676K [0x00000000d5580000, 0x00000000dd480000, 0x0000000100000000)
  eden space 112640K, 0% used [0x00000000d5580000,0x00000000d5580000,0x00000000dc380000)
  from space 8704K, 99% used [0x00000000dcc00000,0x00000000dd4792e8,0x00000000dd480000)
  to   space 8704K, 0% used [0x00000000dc380000,0x00000000dc380000,0x00000000dcc00000)
 ParOldGen       total 33792K, used 13058K [0x0000000080000000, 0x0000000082100000, 0x00000000d5580000)
  object space 33792K, 38% used [0x0000000080000000,0x0000000080cc0bc8,0x0000000082100000)
 Metaspace       used 34539K, capacity 35406K, committed 35496K, reserved 1079296K
  class space    used 4734K, capacity 4998K, committed 5040K, reserved 1048576K
Event: 21.972 GC heap after
Heap after GC invocations=12 (full 2):
 PSYoungGen      total 121344K, used 0K [0x00000000d5580000, 0x00000000dd480000, 0x0000000100000000)
  eden space 112640K, 0% used [0x00000000d5580000,0x00000000d5580000,0x00000000dc380000)
  from space 8704K, 0% used [0x00000000dcc00000,0x00000000dcc00000,0x00000000dd480000)
  to   space 8704K, 0% used [0x00000000dc380000,0x00000000dc380000,0x00000000dcc00000)
 ParOldGen       total 54784K, used 16262K [0x0000000080000000, 0x0000000083580000, 0x00000000d5580000)
  object space 54784K, 29% used [0x0000000080000000,0x0000000080fe18f0,0x0000000083580000)
 Metaspace       used 34539K, capacity 35406K, committed 35496K, reserved 1079296K
  class space    used 4734K, capacity 4998K, committed 5040K, reserved 1048576K
}

