# JRE version: OpenJDK Runtime Environment (8.0_242-b01) (build 1.8.0_242-release-1644-b01)
# Java VM: OpenJDK 64-Bit Server VM (25.242-b01 mixed mode windows-amd64 compressed oops)
Heap:
 PSYoungGen      total 83456K, used 5488K [0x00000000d5580000, 0x00000000db380000, 0x0000000100000000)
  eden space 73216K, 7% used [0x00000000d5580000,0x00000000d5adc368,0x00000000d9d00000)
  from space 10240K, 0% used [0x00000000d9d00000,0x00000000d9d00000,0x00000000da700000)
  to   space 9216K, 0% used [0x00000000da700000,0x00000000da700000,0x00000000db000000)
 ParOldGen       total 34816K, used 16212K [0x0000000080000000, 0x0000000082200000, 0x00000000d5580000)
  object space 34816K, 46% used [0x0000000080000000,0x0000000080fd50b8,0x0000000082200000)
 Metaspace       used 34723K, capacity 35670K, committed 35752K, reserved 1079296K
  class space    used 4765K, capacity 5036K, committed 5040K, reserved 1048576K
GC Heap History (10 events):
Event: 9.889 GC heap before
{Heap before GC invocations=9 (full 1):
 PSYoungGen      total 60928K, used 4590K [0x00000000d5580000, 0x00000000d9880000, 0x0000000100000000)
  eden space 56320K, 0% used [0x00000000d5580000,0x00000000d5580000,0x00000000d8c80000)
  from space 4608K, 99% used [0x00000000d9200000,0x00000000d967b9e0,0x00000000d9680000)
  to   space 5632K, 0% used [0x00000000d8c80000,0x00000000d8c80000,0x00000000d9200000)
 ParOldGen       total 36864K, used 10755K [0x0000000080000000, 0x0000000082400000, 0x00000000d5580000)
  object space 36864K, 29% used [0x0000000080000000,0x0000000080a80e88,0x0000000082400000)
 Metaspace       used 20598K, capacity 21224K, committed 21296K, reserved 1067008K
  class space    used 2876K, capacity 3084K, committed 3120K, reserved 1048576K
Event: 9.997 GC heap after
Heap after GC invocations=9 (full 1):
 PSYoungGen      total 60928K, used 0K [0x00000000d5580000, 0x00000000d9880000, 0x0000000100000000)
  eden space 56320K, 0% used [0x00000000d5580000,0x00000000d5580000,0x00000000d8c80000)
  from space 4608K, 0% used [0x00000000d9200000,0x00000000d9200000,0x00000000d9680000)
  to   space 5632K, 0% used [0x00000000d8c80000,0x00000000d8c80000,0x00000000d9200000)
 ParOldGen       total 34816K, used 9963K [0x0000000080000000, 0x0000000082200000, 0x00000000d5580000)
  object space 34816K, 28% used [0x0000000080000000,0x00000000809bae60,0x0000000082200000)
 Metaspace       used 20598K, capacity 21224K, committed 21296K, reserved 1067008K
  class space    used 2876K, capacity 3084K, committed 3120K, reserved 1048576K
}
Event: 12.376 GC heap before
{Heap before GC invocations=10 (full 1):
 PSYoungGen      total 60928K, used 56320K [0x00000000d5580000, 0x00000000d9880000, 0x0000000100000000)
  eden space 56320K, 100% used [0x00000000d5580000,0x00000000d8c80000,0x00000000d8c80000)
  from space 4608K, 0% used [0x00000000d9200000,0x00000000d9200000,0x00000000d9680000)
  to   space 5632K, 0% used [0x00000000d8c80000,0x00000000d8c80000,0x00000000d9200000)
 ParOldGen       total 34816K, used 9963K [0x0000000080000000, 0x0000000082200000, 0x00000000d5580000)
  object space 34816K, 28% used [0x0000000080000000,0x00000000809bae60,0x0000000082200000)
 Metaspace       used 27222K, capacity 27928K, committed 28080K, reserved 1073152K
  class space    used 3745K, capacity 3994K, committed 4016K, reserved 1048576K
Event: 12.391 GC heap after
Heap after GC invocations=10 (full 1):
 PSYoungGen      total 61952K, used 5631K [0x00000000d5580000, 0x00000000db000000, 0x0000000100000000)
  eden space 56320K, 0% used [0x00000000d5580000,0x00000000d5580000,0x00000000d8c80000)
  from space 5632K, 99% used [0x00000000d8c80000,0x00000000d91ffc70,0x00000000d9200000)
  to   space 9216K, 0% used [0x00000000da700000,0x00000000da700000,0x00000000db000000)
 ParOldGen       total 34816K, used 11055K [0x0000000080000000, 0x0000000082200000, 0x00000000d5580000)
  object space 34816K, 31% used [0x0000000080000000,0x0000000080acbc78,0x0000000082200000)
 Metaspace       used 27222K, capacity 27928K, committed 28080K, reserved 1073152K
  class space    used 3745K, capacity 3994K, committed 4016K, reserved 1048576K
}
Event: 14.447 GC heap before
{Heap before GC invocations=11 (full 1):
 PSYoungGen      total 61952K, used 61951K [0x00000000d5580000, 0x00000000db000000, 0x0000000100000000)
  eden space 56320K, 100% used [0x00000000d5580000,0x00000000d8c80000,0x00000000d8c80000)
  from space 5632K, 99% used [0x00000000d8c80000,0x00000000d91ffc70,0x00000000d9200000)
  to   space 9216K, 0% used [0x00000000da700000,0x00000000da700000,0x00000000db000000)
 ParOldGen       total 34816K, used 11055K [0x0000000080000000, 0x0000000082200000, 0x00000000d5580000)
  object space 34816K, 31% used [0x0000000080000000,0x0000000080acbc78,0x0000000082200000)
 Metaspace       used 31813K, capacity 32586K, committed 32816K, reserved 1077248K
  class space    used 4315K, capacity 4540K, committed 4656K, reserved 1048576K
Event: 14.489 GC heap after
Heap after GC invocations=11 (full 1):
 PSYoungGen      total 82432K, used 8181K [0x00000000d5580000, 0x00000000db380000, 0x0000000100000000)
  eden space 73216K, 0% used [0x00000000d5580000,0x00000000d5580000,0x00000000d9d00000)
  from space 9216K, 88% used [0x00000000da700000,0x00000000daefd6b8,0x00000000db000000)
  to   space 10240K, 0% used [0x00000000d9d00000,0x00000000d9d00000,0x00000000da700000)
 ParOldGen       total 34816K, used 11055K [0x0000000080000000, 0x0000000082200000, 0x00000000d5580000)
  object space 34816K, 31% used [0x0000000080000000,0x0000000080acbc78,0x0000000082200000)
 Metaspace       used 31813K, capacity 32586K, committed 32816K, reserved 1077248K
  class space    used 4315K, capacity 4540K, committed 4656K, reserved 1048576K
}
Event: 16.243 GC heap before
{Heap before GC invocations=12 (full 1):
 PSYoungGen      total 82432K, used 77077K [0x00000000d5580000, 0x00000000db380000, 0x0000000100000000)
  eden space 73216K, 94% used [0x00000000d5580000,0x00000000d98c8128,0x00000000d9d00000)
  from space 9216K, 88% used [0x00000000da700000,0x00000000daefd6b8,0x00000000db000000)
  to   space 10240K, 0% used [0x00000000d9d00000,0x00000000d9d00000,0x00000000da700000)
 ParOldGen       total 34816K, used 11055K [0x0000000080000000, 0x0000000082200000, 0x00000000d5580000)
  object space 34816K, 31% used [0x0000000080000000,0x0000000080acbc78,0x0000000082200000)
 Metaspace       used 34534K, capacity 35406K, committed 35496K, reserved 1079296K
  class space    used 4732K, capacity 4998K, committed 5040K, reserved 1048576K
Event: 16.284 GC heap after
Heap after GC invocations=12 (full 1):
 PSYoungGen      total 83456K, used 4818K [0x00000000d5580000, 0x00000000db380000, 0x0000000100000000)
  eden space 73216K, 0% used [0x00000000d5580000,0x00000000d5580000,0x00000000d9d00000)
  from space 10240K, 47% used [0x00000000d9d00000,0x00000000da1b4b28,0x00000000da700000)
  to   space 9216K, 0% used [0x00000000da700000,0x00000000da700000,0x00000000db000000)
 ParOldGen       total 34816K, used 15883K [0x0000000080000000, 0x0000000082200000, 0x00000000d5580000)
  object space 34816K, 45% used [0x0000000080000000,0x0000000080f82fc0,0x0000000082200000)
 Metaspace       used 34534K, capacity 35406K, committed 35496K, reserved 1079296K
  class space    used 4732K, capacity 4998K, committed 5040K, reserved 1048576K
}
Event: 16.284 GC heap before
{Heap before GC invocations=13 (full 2):
 PSYoungGen      total 83456K, used 4818K [0x00000000d5580000, 0x00000000db380000, 0x0000000100000000)
  eden space 73216K, 0% used [0x00000000d5580000,0x00000000d5580000,0x00000000d9d00000)
  from space 10240K, 47% used [0x00000000d9d00000,0x00000000da1b4b28,0x00000000da700000)
  to   space 9216K, 0% used [0x00000000da700000,0x00000000da700000,0x00000000db000000)
 ParOldGen       total 34816K, used 15883K [0x0000000080000000, 0x0000000082200000, 0x00000000d5580000)
  object space 34816K, 45% used [0x0000000080000000,0x0000000080f82fc0,0x0000000082200000)
 Metaspace       used 34534K, capacity 35406K, committed 35496K, reserved 1079296K
  class space    used 4732K, capacity 4998K, committed 5040K, reserved 1048576K
Event: 16.500 GC heap after
Heap after GC invocations=13 (full 2):
 PSYoungGen      total 83456K, used 0K [0x00000000d5580000, 0x00000000db380000, 0x0000000100000000)
  eden space 73216K, 0% used [0x00000000d5580000,0x00000000d5580000,0x00000000d9d00000)
  from space 10240K, 0% used [0x00000000d9d00000,0x00000000d9d00000,0x00000000da700000)
  to   space 9216K, 0% used [0x00000000da700000,0x00000000da700000,0x00000000db000000)
 ParOldGen       total 34816K, used 16212K [0x0000000080000000, 0x0000000082200000, 0x00000000d5580000)
  object space 34816K, 46% used [0x0000000080000000,0x0000000080fd50b8,0x0000000082200000)
 Metaspace       used 34534K, capacity 35406K, committed 35496K, reserved 1079296K
  class space    used 4732K, capacity 4998K, committed 5040K, reserved 1048576K
}

